步骤0	当前分析栈:FUNCTIONS#	余留符号串：intmain(){printf("1\n");return0;}#	语义栈:#

步骤1	当前分析栈:FUNCTIONFUNLIST#	余留符号串：intmain(){printf("1\n");return0;}#	语义栈:#

步骤2	当前分析栈:TYPEid(ARGS)FUNC_BODYFUNLIST#	余留符号串：intmain(){printf("1\n");return0;}#	语义栈:#

步骤3	当前分析栈:intid(ARGS)FUNC_BODYFUNLIST#	余留符号串：intmain(){printf("1\n");return0;}#	语义栈:#

步骤4	当前分析栈:id(ARGS)FUNC_BODYFUNLIST#	余留符号串：main(){printf("1\n");return0;}#	语义栈:#

步骤5	当前分析栈:(ARGS)FUNC_BODYFUNLIST#	余留符号串：(){printf("1\n");return0;}#	语义栈:#

步骤6	当前分析栈:ARGS)FUNC_BODYFUNLIST#	余留符号串：){printf("1\n");return0;}#	语义栈:#

步骤7	当前分析栈:)FUNC_BODYFUNLIST#	余留符号串：){printf("1\n");return0;}#	语义栈:#

步骤8	当前分析栈:FUNC_BODYFUNLIST#	余留符号串：{printf("1\n");return0;}#	语义栈:#

步骤9	当前分析栈:{STMTS}FUNLIST#	余留符号串：{printf("1\n");return0;}#	语义栈:#

步骤10	当前分析栈:STMTS}FUNLIST#	余留符号串：printf("1\n");return0;}#	语义栈:#

步骤11	当前分析栈:}FUNLIST#	余留符号串：("1\n");return0;}#	语义栈:#

步骤12	当前分析栈:FUNLIST#	余留符号串："1\n");return0;}#	语义栈:#

步骤13	当前分析栈:#	余留符号串：);return0;}#	语义栈:#

步骤14	
错误信息如下：
错误序号	错误信息	错误所在行 	错误单词
1	error		2	printf
2	error		2	(
3	error		2	"1\n"
